2026-04-09 10:42:33 INFO  tests.FooterLinksTest - ---------------Case 1: Footer Links Test---------------
2026-04-09 10:42:33 INFO  tests.FooterLinksTest - Opening Home Page
2026-04-09 10:42:33 INFO  tests.FooterLinksTest - Scrolling to footer
2026-04-09 10:42:33 INFO  tests.FooterLinksTest - Validating TEAM section links
2026-04-09 10:42:33 INFO  tests.FooterLinksTest - Validating ABOUT section links
2026-04-09 10:42:33 INFO  tests.FooterLinksTest - Validating GUIDELINES section links
2026-04-09 10:42:33 INFO  tests.FooterLinksTest - Validating CONTACT section links
2026-04-09 10:42:33 INFO  tests.FooterLinksTest - Footer validation completed successfully
2026-04-09 10:42:33 INFO  tests.FooterLinksTest - ---------------Test Case Completed---------------
2026-04-09 10:42:33 INFO  tests.FooterLinksTest -
2026-04-09 10:42:40 INFO  tests.TeamsTest - ---------------Case 2: Teams Hover Test---------------
2026-04-09 10:42:40 INFO  tests.TeamsTest - Navigating to Teams page
2026-04-09 10:42:42 INFO  tests.TeamsTest - Total number teams listed: 10
2026-04-09 10:42:43 INFO  tests.TeamsTest - Validating team: Chennai Super Kings
2026-04-09 10:42:45 INFO  tests.TeamsTest - Team: Chennai Super Kings
2026-04-09 10:42:45 INFO  tests.TeamsTest - Winning years: CSK
2010 | 2011 | 2018 | 2021 | 2023
2026-04-09 10:42:45 INFO  tests.TeamsTest - 
2026-04-09 10:42:45 INFO  tests.TeamsTest - Validating team: Delhi Capitals
2026-04-09 10:42:47 INFO  tests.TeamsTest - Team: Delhi Capitals
2026-04-09 10:42:47 INFO  tests.TeamsTest - Winning years: No trophies
2026-04-09 10:42:47 INFO  tests.TeamsTest - 
2026-04-09 10:42:47 INFO  tests.TeamsTest - Validating team: Gujarat Titans
2026-04-09 10:42:49 INFO  tests.TeamsTest - Team: Gujarat Titans
2026-04-09 10:42:49 INFO  tests.TeamsTest - Winning years: GT
2022
2026-04-09 10:42:49 INFO  tests.TeamsTest - 
2026-04-09 10:42:49 INFO  tests.TeamsTest - Validating team: Kolkata Knight Riders
2026-04-09 10:42:51 INFO  tests.TeamsTest - Team: Kolkata Knight Riders
2026-04-09 10:42:51 INFO  tests.TeamsTest - Winning years: KKR
2012 | 2014 | 2024
2026-04-09 10:42:51 INFO  tests.TeamsTest - 
2026-04-09 10:42:51 INFO  tests.TeamsTest - Validating team: Lucknow Super Giants
2026-04-09 10:42:53 INFO  tests.TeamsTest - Team: Lucknow Super Giants
2026-04-09 10:42:53 INFO  tests.TeamsTest - Winning years: No trophies
2026-04-09 10:42:53 INFO  tests.TeamsTest - 
2026-04-09 10:42:53 INFO  tests.TeamsTest - Validating team: Mumbai Indians
2026-04-09 10:42:55 INFO  tests.TeamsTest - Team: Mumbai Indians
2026-04-09 10:42:55 INFO  tests.TeamsTest - Winning years: MI
2013 | 2015 | 2017 | 2019 | 2020
2026-04-09 10:42:55 INFO  tests.TeamsTest - 
2026-04-09 10:42:55 INFO  tests.TeamsTest - Validating team: Punjab Kings
2026-04-09 10:42:57 INFO  tests.TeamsTest - Team: Punjab Kings
2026-04-09 10:42:57 INFO  tests.TeamsTest - Winning years: No trophies
2026-04-09 10:42:57 INFO  tests.TeamsTest - 
2026-04-09 10:42:57 INFO  tests.TeamsTest - Validating team: Rajasthan Royals
2026-04-09 10:42:59 INFO  tests.TeamsTest - Team: Rajasthan Royals
2026-04-09 10:42:59 INFO  tests.TeamsTest - Winning years: RR
2008
2026-04-09 10:42:59 INFO  tests.TeamsTest - 
2026-04-09 10:42:59 INFO  tests.TeamsTest - Validating team: Royal Challengers Bengaluru
2026-04-09 10:43:01 INFO  tests.TeamsTest - Team: Royal Challengers Bengaluru
2026-04-09 10:43:01 INFO  tests.TeamsTest - Winning years: RCB
2025
2026-04-09 10:43:01 INFO  tests.TeamsTest - 
2026-04-09 10:43:01 INFO  tests.TeamsTest - Validating team: Sunrisers Hyderabad
2026-04-09 10:43:03 INFO  tests.TeamsTest - Team: Sunrisers Hyderabad
2026-04-09 10:43:03 INFO  tests.TeamsTest - Winning years: SRH
2016
2026-04-09 10:43:03 INFO  tests.TeamsTest - 
2026-04-09 10:43:03 INFO  tests.TeamsTest - ---------------Test Case Completed---------------
2026-04-09 10:43:03 INFO  tests.TeamsTest - 
2026-04-09 10:43:16 INFO  tests.PointsTableTest - ---------------Case 3: Points Table Test---------------
2026-04-09 10:43:16 INFO  tests.PointsTableTest - Clicking on Points Table
2026-04-09 10:43:21 INFO  tests.PointsTableTest - Fetching top team details from Points Table
2026-04-09 10:43:22 INFO  tests.PointsTableTest - Top Team: RR
2026-04-09 10:43:22 INFO  tests.PointsTableTest - Matches Played: 3
2026-04-09 10:43:22 INFO  tests.PointsTableTest - Points: 6
2026-04-09 10:43:22 INFO  tests.PointsTableTest - ---------------Test Case Completed---------------
2026-04-09 10:43:22 INFO  tests.PointsTableTest -
2026-04-09 10:43:28 INFO  tests.SearchTest - ---------------Case 4: Search Test---------------
2026-04-09 10:43:28 INFO  tests.SearchTest - Navigating to News section
2026-04-09 10:43:31 INFO  tests.SearchTest - Performing search for: Auction 2026
2026-04-09 10:43:36 INFO  tests.SearchTest - Validating search results for relevance
2026-04-09 10:43:36 INFO  tests.SearchTest - Clicking on first search result
2026-04-09 10:43:37 INFO  tests.SearchTest - ---------------Test Case Completed---------------
2026-04-09 10:43:37 INFO  tests.SearchTest - 
2026-04-10 09:36:51 INFO  tests.FooterLinksTest - ---------------Case 1: Footer Links Test---------------
2026-04-10 09:36:51 INFO  tests.FooterLinksTest - Opening Home Page
2026-04-10 09:36:51 INFO  tests.FooterLinksTest - Scrolling to footer
2026-04-10 09:36:51 INFO  tests.FooterLinksTest - Validating TEAM section links
2026-04-10 09:36:52 INFO  tests.FooterLinksTest - Validating ABOUT section links
2026-04-10 09:36:52 INFO  tests.FooterLinksTest - Validating GUIDELINES section links
2026-04-10 09:36:55 INFO  tests.FooterLinksTest - Validating CONTACT section links
2026-04-10 09:36:55 INFO  tests.FooterLinksTest - Footer validation completed successfully
2026-04-10 09:36:55 INFO  tests.FooterLinksTest - ---------------Test Case Completed---------------
2026-04-10 09:36:55 INFO  tests.FooterLinksTest - 
2026-04-10 09:37:02 INFO  tests.TeamsTest - ---------------Case 2: Teams Hover Test---------------
2026-04-10 09:37:02 INFO  tests.TeamsTest - Navigating to Teams page
2026-04-10 09:37:05 INFO  tests.TeamsTest - Total number teams listed: 10
2026-04-10 09:37:05 INFO  tests.TeamsTest - Validating team: Chennai Super Kings
2026-04-10 09:37:07 INFO  tests.TeamsTest - Team: Chennai Super Kings
2026-04-10 09:37:07 INFO  tests.TeamsTest - Winning years: CSK
2010 | 2011 | 2018 | 2021 | 2023
2026-04-10 09:37:07 INFO  tests.TeamsTest - 
2026-04-10 09:37:08 INFO  tests.TeamsTest - Validating team: Delhi Capitals
2026-04-10 09:37:09 INFO  tests.TeamsTest - Team: Delhi Capitals
2026-04-10 09:37:09 INFO  tests.TeamsTest - Winning years: No trophies
2026-04-10 09:37:09 INFO  tests.TeamsTest - 
2026-04-10 09:37:09 INFO  tests.TeamsTest - Validating team: Gujarat Titans
2026-04-10 09:37:11 INFO  tests.TeamsTest - Team: Gujarat Titans
2026-04-10 09:37:11 INFO  tests.TeamsTest - Winning years: GT
2022
2026-04-10 09:37:11 INFO  tests.TeamsTest - 
2026-04-10 09:37:11 INFO  tests.TeamsTest - Validating team: Kolkata Knight Riders
2026-04-10 09:37:13 INFO  tests.TeamsTest - Team: Kolkata Knight Riders
2026-04-10 09:37:13 INFO  tests.TeamsTest - Winning years: KKR
2012 | 2014 | 2024
2026-04-10 09:37:13 INFO  tests.TeamsTest - 
2026-04-10 09:37:13 INFO  tests.TeamsTest - Validating team: Lucknow Super Giants
2026-04-10 09:37:15 INFO  tests.TeamsTest - Team: Lucknow Super Giants
2026-04-10 09:37:15 INFO  tests.TeamsTest - Winning years: No trophies
2026-04-10 09:37:15 INFO  tests.TeamsTest - 
2026-04-10 09:37:15 INFO  tests.TeamsTest - Validating team: Mumbai Indians
2026-04-10 09:37:17 INFO  tests.TeamsTest - Team: Mumbai Indians
2026-04-10 09:37:17 INFO  tests.TeamsTest - Winning years: MI
2013 | 2015 | 2017 | 2019 | 2020
2026-04-10 09:37:17 INFO  tests.TeamsTest - 
2026-04-10 09:37:17 INFO  tests.TeamsTest - Validating team: Punjab Kings
2026-04-10 09:37:19 INFO  tests.TeamsTest - Team: Punjab Kings
2026-04-10 09:37:19 INFO  tests.TeamsTest - Winning years: No trophies
2026-04-10 09:37:19 INFO  tests.TeamsTest - 
2026-04-10 09:37:19 INFO  tests.TeamsTest - Validating team: Rajasthan Royals
2026-04-10 09:37:21 INFO  tests.TeamsTest - Team: Rajasthan Royals
2026-04-10 09:37:21 INFO  tests.TeamsTest - Winning years: RR
2008
2026-04-10 09:37:21 INFO  tests.TeamsTest - 
2026-04-10 09:37:21 INFO  tests.TeamsTest - Validating team: Royal Challengers Bengaluru
2026-04-10 09:37:23 INFO  tests.TeamsTest - Team: Royal Challengers Bengaluru
2026-04-10 09:37:23 INFO  tests.TeamsTest - Winning years: RCB
2025
2026-04-10 09:37:23 INFO  tests.TeamsTest - 
2026-04-10 09:37:23 INFO  tests.TeamsTest - Validating team: Sunrisers Hyderabad
2026-04-10 09:37:25 INFO  tests.TeamsTest - Team: Sunrisers Hyderabad
2026-04-10 09:37:25 INFO  tests.TeamsTest - Winning years: SRH
2016
2026-04-10 09:37:25 INFO  tests.TeamsTest - 
2026-04-10 09:37:25 INFO  tests.TeamsTest - ---------------Test Case Completed---------------
2026-04-10 09:37:25 INFO  tests.TeamsTest - 
2026-04-10 09:37:36 INFO  tests.PointsTableTest - ---------------Case 3: Points Table Test---------------
2026-04-10 09:37:36 INFO  tests.PointsTableTest - Clicking on Points Table
2026-04-10 09:37:42 INFO  tests.PointsTableTest - Fetching top team details from Points Table
2026-04-10 09:37:42 INFO  tests.PointsTableTest - Top Team: RR
2026-04-10 09:37:42 INFO  tests.PointsTableTest - Matches Played: 3
2026-04-10 09:37:42 INFO  tests.PointsTableTest - Points: 6
2026-04-10 09:37:42 INFO  tests.PointsTableTest - ---------------Test Case Completed---------------
2026-04-10 09:37:42 INFO  tests.PointsTableTest - 
2026-04-10 09:37:47 INFO  tests.SearchTest - ---------------Case 4: Search Test---------------
2026-04-10 09:37:47 INFO  tests.SearchTest - Navigating to News section
2026-04-10 09:37:51 INFO  tests.SearchTest - Performing search for: Auction 2026
2026-04-10 09:37:55 INFO  tests.SearchTest - Validating search results for relevance
2026-04-10 09:37:56 INFO  tests.SearchTest - Clicking on first search result
2026-04-10 09:37:56 INFO  tests.SearchTest - ---------------Test Case Completed---------------
2026-04-10 09:37:56 INFO  tests.SearchTest - 
2026-04-10 09:38:01 INFO  tests.TicketsTest - ---------------Case 5: Teams Hover Test---------------
2026-04-10 09:38:06 INFO  tests.TicketsTest - Navigated to Tickets tab
2026-04-10 09:38:06 INFO  tests.TicketsTest - Buy Tickets button is enabled
2026-04-10 09:38:07 INFO  tests.TicketsTest - New booking tab opened successfully
2026-04-10 09:38:20 INFO  tests.TicketsTest - Match center button clicked
2026-04-10 09:38:20 INFO  tests.TicketsTest - Venue details are visible
2026-04-10 09:38:20 INFO  tests.TicketsTest - ---------------Test Case Completed---------------
2026-04-10 09:38:20 INFO  tests.TicketsTest - 
2026-04-10 09:38:25 INFO  tests.TicketsTest - ---------------Case 6: Teams Hover Test---------------
2026-04-10 09:38:29 INFO  tests.TicketsTest - Navigated to Venues page
2026-04-10 09:38:29 INFO  tests.TicketsTest - Venues data fetched
2026-04-10 09:38:29 INFO  tests.TicketsTest - Json data for venues fetched
2026-04-10 09:38:29 INFO  tests.TicketsTest - Venue details are being verified
2026-04-10 09:38:29 INFO  tests.TicketsTest - All venues validated successfully
2026-04-10 09:38:29 INFO  tests.TicketsTest - ---------------Test Case Completed---------------
2026-04-10 09:38:29 INFO  tests.TicketsTest - 
